___Output Students.txt_____
Enter file name: 
Students.txt

Abey matches with Melissa with score 60
John matches with Jeff with score 100
Craig has no matches.




__Output FullRoster.txt_____
Enter file name: 
FullRoster.txt

Abhay matches with Alexandra with score 96
Adam matches with Alan with score 100
Alexander matches with Alfred with score 98
Analisa matches with Andrea with score 99
Andrew matches with Colin with score 90
Angelina matches with Dana Colleen with score 93
Antonietta Vicky matches with Cynthia with score 93
Arun Premnath matches with Kurt with score 81
Chih matches with Dalila with score 78
Daniel has no matches.
Kristal matches with Kristin Lunney with score 91
Kristina matches with Lifen with score 90
Lauren matches with Lien T. with score 96


